2025-07-22 14:08:25.75841 INFO::Writing function arguments to log file
2025-07-22 14:08:25.77407 DEBUG::Function arguments
2025-07-22 14:08:25.783728 DEBUG::Output folder: G:/Autres ordinateurs/Mon ordinateur/Thèse 2021/Thèse/Résultats/Séquençage/Traité/Script final/GM_Response/output_PR_vs_PNR/maaslin2/Age_Sex_Antibiotics_Response/Species
2025-07-22 14:08:25.787992 DEBUG::Min Abundance: 0.000000
2025-07-22 14:08:25.792718 DEBUG::Min Prevalence: 0.100000
2025-07-22 14:08:25.797096 DEBUG::Normalization: TSS
2025-07-22 14:08:25.80177 DEBUG::Transform: LOG
2025-07-22 14:08:25.805981 DEBUG::Analysis method: LM
2025-07-22 14:08:25.810098 DEBUG::Max significance: 0.050000
2025-07-22 14:08:25.81495 DEBUG::Random effects:
2025-07-22 14:08:25.819258 DEBUG::Fixed effects: Age,Sex,Antibiotics,Response
2025-07-22 14:08:25.824585 DEBUG::Correction method: BH
2025-07-22 14:08:25.829037 DEBUG::Standardize: TRUE
2025-07-22 14:08:25.833288 DEBUG::Cores: 1
2025-07-22 14:08:25.837477 INFO::Verifying options selected are valid
2025-07-22 14:08:25.88746 INFO::Determining format of input files
2025-07-22 14:08:25.893414 INFO::Input format is data samples as columns and metadata samples as rows
2025-07-22 14:08:25.900771 DEBUG::Transformed data so samples are rows
2025-07-22 14:08:25.909414 DEBUG::The following samples were found to have metadata but no features. They will be removed. BB.058,BB.061,BB.062,BB.063,BB.064,BB.117,BB.128,BB.129,BB.131,BB.135
2025-07-22 14:08:25.914467 DEBUG::A total of 53 samples were found in both the data and metadata
2025-07-22 14:08:25.91898 DEBUG::Reordering data/metadata to use same sample ordering
2025-07-22 14:08:25.927268 WARNING::Feature name not found in metadata so not applied to formula as fixed effect: Sex
2025-07-22 14:08:25.932733 INFO::Formula for fixed effects: expr ~  Age + Antibiotics + Response
2025-07-22 14:08:25.94835 INFO::Filter data based on min abundance and min prevalence
2025-07-22 14:08:25.953269 INFO::Total samples in data: 53
2025-07-22 14:08:25.958098 INFO::Min samples required with min abundance for a feature not to be filtered: 5.300000
2025-07-22 14:08:25.967141 INFO::Total filtered features: 383
2025-07-22 14:08:25.972366 INFO::Filtered feature names from abundance and prevalence filtering: s__Actinobaculum_sp_oral_taxon_183, s__Actinomyces_bouchesdurhonensis, s__Actinomyces_dentalis, s__Actinomyces_graevenitzii, s__Actinomyces_israelii, s__Actinomyces_johnsonii, s__Actinomyces_naeslundii, s__Actinomyces_oris, s__Actinomyces_sp_ICM47, s__Actinomyces_sp_S6_Spd3, s__Actinomyces_timonensis, s__Schaalia_cardiffensis, s__Schaalia_odontolytica, s__Schaalia_turicensis, s__Alloscardovia_omnicolens, s__Bifidobacterium_angulatum, s__Bifidobacterium_animalis, s__Bifidobacterium_pseudolongum, s__Bifidobacterium_pullorum, s__Bifidobacterium_scardovii, s__Gardnerella_vaginalis, s__Scardovia_inopinata, s__Scardovia_wiggsiae, s__Kytococcus_sedentarius, s__Rothia_dentocariosa, s__Propionibacterium_acidifaciens, s__Propionibacterium_freudenreichii, s__Atopobium_minutum, s__Atopobium_sp_oral_taxon_199, s__Lancefieldella_rimae, s__Olsenella_phocaeensis, s__Olsenella_profusa, s__Olsenella_provencensis, s__Olsenella_sp_GAM18, s__Olsenella_sp_oral_taxon_807, s__Olsenella_uli, s__Parolsenella_catena, s__Collinsella_intestinalis, s__Collinsella_massiliensis, s__Enorma_massiliensis, s__Senegalimassilia_faecalis, s__Cryptobacterium_curtum, s__Gordonibacter_pamelaeae, s__Gordonibacter_urolithinfaciens, s__Paraeggerthella_hongkongensis, s__Slackia_exigua, s__Slackia_piriformis, s__Bacteroides_congonensis, s__Bacteroides_sp_OF04_15BH, s__Bacteroides_timonensis, s__Bacteroidales_bacterium, s__Phocaeicola_abscessus, s__Phocaeicola_barnesiae, s__Phocaeicola_coprocola, s__Phocaeicola_coprophilus, s__Phocaeicola_plebeius, s__Butyricimonas_faecalis, s__Butyricimonas_virosa, s__Porphyromonas_asaccharolytica, s__Porphyromonas_endodontalis, s__Porphyromonas_gingivalis, s__Porphyromonas_pasteri, s__Porphyromonas_somerae, s__Porphyromonas_sp_oral_taxon_278, s__Alloprevotella_sp_Lung230, s__Alloprevotella_tannerae, s__Prevotella_aurantiaca, s__Prevotella_bergensis, s__Prevotella_bivia, s__Prevotella_buccae, s__Prevotella_conceptionensis, s__Prevotella_copri_clade_B, s__Prevotella_copri_clade_C, s__Prevotella_copri_clade_D, s__Prevotella_corporis, s__Prevotella_dentalis, s__Prevotella_denticola, s__Prevotella_disiens, s__Prevotella_fusca, s__Prevotella_jejuni, s__Prevotella_koreensis, s__Prevotella_lascolaii, s__Prevotella_maculosa, s__Prevotella_marshii, s__Prevotella_melaninogenica, s__Prevotella_multiformis, s__Prevotella_nanceiensis, s__Prevotella_nigrescens, s__Prevotella_oralis, s__Prevotella_oris, s__Prevotella_pallens, s__Prevotella_pleuritidis, s__Prevotella_salivae, s__Prevotella_sp_P4_51, s__Prevotella_veroralis, s__Alistipes_dispar, s__Alistipes_provencensis, s__Alistipes_sp_AF17_16, s__Rikenellaceae_bacterium, s__Parabacteroides_bouchesdurhonensis, s__Parabacteroides_faecis, s__Parabacteroides_goldsteinii, s__Parabacteroides_gordonii, s__Parabacteroides_johnsonii, s__Parabacteroides_sp_TM07_1AC, s__Tannerella_forsythia, s__Tannerella_sp_oral_taxon_HOT_286, s__Capnocytophaga_gingivalis, s__Capnocytophaga_leadbetteri, s__Candidatus_Gracilibacteria_bacterium_GN02_873, s__Candidatus_Gastranaerophilales_bacterium, s__Candidatus_Nanoperiomorbus_periodonticus, s__TM7_phylum_sp_oral_taxon_348, s__TM7_phylum_sp_oral_taxon_350, s__Candidatus_Nanosynsacchari_sp_TM7_ANC_38_39_G1_1, s__Gemella_haemolysans, s__Gemella_sanguinis, s__Staphylococcus_aureus, s__Staphylococcus_epidermidis, s__Staphylococcus_haemolyticus, s__Bacilli_bacterium, s__Abiotrophia_defectiva, s__Abiotrophia_sp_HMSC24B09, s__Granulicatella_elegans, s__Enterococcus_avium, s__Enterococcus_casseliflavus, s__Enterococcus_durans, s__Enterococcus_gallinarum, s__Enterococcus_sp_63_4, s__Lacticaseibacillus_casei, s__Lactobacillus_acidophilus, s__Lactobacillus_crispatus, s__Lactobacillus_johnsonii, s__Lactobacillus_ultunensis, s__Latilactobacillus_curvatus, s__Lentilactobacillus_parabuchneri, s__Lentilactobacillus_raoultii, s__Ligilactobacillus_ruminis, s__Lactobacillus_mucosae, s__Lactobacillus_timonensis, s__Lactobacillus_vaginalis, s__Limosilactobacillus_reuteri, s__Pediococcus_acidilactici, s__Pediococcus_pentosaceus, s__Leuconostoc_gelidum, s__Leuconostoc_lactis, s__Leuconostoc_mesenteroides, s__Lactococcus_laudensis, s__Streptococcus_agalactiae, s__Streptococcus_gallolyticus, s__Streptococcus_massiliensis, s__Streptococcus_peroris, s__Streptococcus_pneumoniae, s__Streptococcus_rubneri, s__Streptococcus_sanguinis, s__Streptococcus_sobrinus, s__Streptococcus_sp_A12, s__Candidatus_Borkfalkia_ceftriaxoniphila, s__Candidatus_Avimonas_narfia, s__Candidatus_Pararuminococcus_gallinarum, s__Candidatus_Pseudoscilispira_faecavium, s__Candidatus_Schneewindia_gallinarum, s__Clostridia_bacterium_UC5_1_1E11, s__Christensenellaceae_bacterium, s__Christensenella_massiliensis, s__Christensenella_minuta, s__Butyricicoccus_sp_AM29_23AC, s__Clostridium_neonatale, s__Clostridium_perfringens, s__Clostridium_sp_AF15_49, s__Clostridium_sp_AF27_2AA, s__Clostridium_sp_AF34_13, s__Clostridium_sp_AF36_4, s__Clostridium_sp_AM42_4, s__Clostridium_sp_C5_48, s__Clostridium_sp_CL_2, s__Clostridium_sp_NSJ_42, s__Clostridium_sp_SN20, s__Clostridium_sp_WCA_389_WT_23D1, s__Clostridium_tertium, s__Clostridium_ventriculi, s__Massilioclostridium_coli, s__Clostridiales_Family_XIII_bacterium_WCA_MUC_591_APC_4B, s__Eubacterium_brachy, s__Eubacterium_nodatum, s__Eubacterium_saphenum, s__Eubacterium_sulci, s__Emergencia_timonensis, s__Mogibacterium_timidum, s__Clostridiales_bacterium_1_7_47FAA, s__Clostridiales_bacterium_Choco116, s__Clostridiales_bacterium_Marseille_P5551, s__Clostridiales_bacterium_NSJ_40, s__Fenollaria_massiliensis, s__Intestinimonas_gabonensis, s__Intestinimonas_massiliensis, s__Intestinimonas_timonensis, s__Lawsonibacter_sp_NSJ_51, s__Massilistercora_timonensis, s__Anaerofustis_stercorihominis, s__Eubacteriaceae_bacterium_CHKCI004, s__Eubacterium_callanderi, s__Eubacterium_sp_AF15_50, s__Eubacterium_sp_AF22_8LB, s__Eubacterium_sp_AF34_35BH, s__Eubacterium_sp_ER2, s__Intestinibacillus_sp_Marseille_P6563, s__Pseudoramibacter_alactolyticus, s__Anaerosacchariphilus_sp_NSJ_68, s__Bariatricus_massiliensis, s__Blautia_caecimuris, s__Blautia_faecicola, s__Blautia_hansenii, s__Blautia_hydrogenotrophica, s__Blautia_schinkii, s__Blautia_sp_AF19_10LB, s__Blautia_sp_MSK_20_85, s__Blautia_sp_MSK_21_1, s__Blautia_stercoris, s__Coprococcus_eutactus, s__Coprococcus_sp_AF21_14LB, s__Cuneatibacter_caecimuris, s__Dorea_phocaeensis, s__Faecalicatena_orotica, s__Faecalimonas_umbilicata, s__Frisingicoccus_caecimuris, s__Lachnoanaerobaculum_orale, s__Lachnoanaerobaculum_sp_ICM7, s__Lachnoanaerobaculum_umeaense, s__Clostridium_hylemonae, s__Clostridium_scindens, s__Lachnoclostridium_edouardi, s__Lachnoclostridium_sp_An138, s__Lachnospiraceae_bacterium_NSJ_29, s__Lachnospiraceae_bacterium_OM04_12BH, s__Lacrimispora_saccharolytica, s__Mediterraneibacter_butyricigenes, s__Mediterraneibacter_massiliensis, s__Mediterraneibacter_sp_gm002, s__Merdimonas_faecis, s__Oribacterium_asaccharolyticum, s__Oribacterium_parvum, s__Oribacterium_sinus, s__Oribacterium_sp_oral_taxon_078, s__Oribacterium_sp_oral_taxon_102, s__Robinsoniella_peoriensis, s__Roseburia_sp_AF02_12, s__Shuttleworthia_satelles, s__Stomatobaculum_longum, s__Dysosmobacter_sp_NSJ_60, s__Oscillospiraceae_bacterium_NSJ_64, s__Peptococcaceae_bacterium, s__Clostridioides_difficile, s__Eubacterium_tenue, s__Peptacetobacter_hiranonis, s__Peptostreptococcus_anaerobius, s__Peptostreptococcus_stomatis, s__Terrisporobacter_othiniensis, s__Agathobaculum_sp_Marseille_P7918, s__Anaerotruncus_massiliensis, s__Bittarella_massiliensis, s__Candidatus_Soleaferrea_massiliensis, s__Fournierella_massiliensis, s__Gemmiger_sp_An194, s__Gemmiger_sp_An50, s__Hydrogeniiclostidium_mannosilyticum, s__Massilimaliae_massiliensis, s__Massilimaliae_timonensis, s__Negativibacillus_massiliensis, s__Neobittarella_massiliensis, s__Phocea_massiliensis, s__Pseudoflavonifractor_capillosus, s__Pseudoflavonifractor_sp_An176, s__Clostridium_leptum, s__Clostridium_methylpentosum, s__Eubacterium_siraeum, s__Ruminococcaceae_bacterium_AM07_15, s__Ruminococcus_bicirculans, s__Ruminococcus_callidus, s__Ruminococcus_sp_AF41_9, s__Bulleidia_extructa, s__Eggerthia_catenaformis, s__Clostridium_saccharogumia, s__Clostridium_spiroforme, s__Erysipelatoclostridium_sp_An15, s__Erysipelotrichaceae_bacterium, s__Erysipelotrichaceae_bacterium_3_1_53, s__Faecalibacillus_faecis, s__Faecalicoccus_pleomorphus, s__Faecalitalea_cylindroides, s__Holdemanella_biformis, s__Holdemania_filiformis, s__Holdemania_massiliensis, s__Holdemania_sp_Marseille_P2844, s__Longicatena_caecimuris, s__Massilicoli_timonensis, s__Massilimicrobiota_sp_An134, s__Massilimicrobiota_timonensis, s__Traorella_massiliensis, s__Acidaminococcus_fermentans, s__Acidaminococcus_massiliensis, s__Mitsuokella_jalaludinii, s__Mitsuokella_multacida, s__Selenomonas_flueggei, s__Selenomonas_noxia, s__Selenomonas_sputigena, s__Dialister_succinatiphilus, s__Megasphaera_hexanoica, s__Megasphaera_massiliensis, s__Megasphaera_sp_AM44_1BH, s__Megasphaera_sp_MJR8396C, s__Megasphaera_stantonii, s__Negativicoccus_succinicivorans, s__Veillonella_denticariosi, s__Veillonella_sp_3627, s__Veillonella_tobetsuensis, s__Finegoldia_magna, s__Parvimonas_micra, s__Parvimonas_sp_KA00067, s__Peptoniphilus_grossensis, s__Peptoniphilus_lacrimalis, s__Peptoniphilus_sp_Marseille_P3761, s__Urmitella_timonensis, s__Fusobacteriaceae_bacterium, s__Fusobacterium_gonidiaformans, s__Fusobacterium_hwasookii, s__Fusobacterium_mortiferum, s__Fusobacterium_necrophorum, s__Fusobacterium_ulcerans, s__Fusobacterium_varium, s__Leptotrichia_hongkongensis, s__Leptotrichia_sp_oral_taxon_215, s__Leptotrichia_wadei, s__Sneathia_amnii, s__Lentisphaeria_bacterium, s__Lautropia_mirabilis, s__Mesosutterella_multiformis, s__Parasutterella_sp_NM82_D38, s__Sutterella_seckii, s__Sutterella_sp_AM11_39, s__Eikenella_corrodens, s__Kingella_oralis, s__Neisseria_bacilliformis, s__Neisseria_cinerea, s__Neisseria_elongata, s__Neisseria_sicca, s__Neisseria_subflava, s__Desulfovibrio_fairfieldensis, s__Desulfovibrio_sp_An276, s__Mailhella_massiliensis, s__Campylobacter_curvus, s__Campylobacter_hominis, s__Campylobacter_jejuni, s__Campylobacter_showae, s__Succinatimonas_hippei, s__Cardiobacterium_valvarum, s__Citrobacter_freundii, s__Citrobacter_koseri, s__Escherichia_marmotae, s__Klebsiella_aerogenes, s__Klebsiella_michiganensis, s__Klebsiella_oxytoca, s__Kluyvera_ascorbata, s__Raoultella_ornithinolytica, s__Hafnia_alvei, s__Hafnia_paralvei, s__Morganella_morganii, s__Proteus_mirabilis, s__Proteus_vulgaris, s__Haemophilus_haemolyticus, s__Haemophilus_influenzae, s__Haemophilus_parahaemolyticus, s__Haemophilus_pittmaniae, s__Haemophilus_sputorum, s__Pseudomonas_aeruginosa, s__Stenotrophomonas_maltophilia, s__Xanthomonas_campestris, s__Brachyspira_aalborgi, s__Fretibacterium_fastidiosum, s__Mycoplasma_salivarium, s__Opitutales_bacterium, s__Akkermansia_sp_KLE1605, s__Candida_albicans
2025-07-22 14:08:25.982709 INFO::Total filtered features with variance filtering: 0
2025-07-22 14:08:25.989309 INFO::Filtered feature names from variance filtering:
2025-07-22 14:08:25.995579 INFO::Running selected normalization method: TSS
2025-07-22 14:08:26.005186 INFO::Applying z-score to standardize continuous metadata
2025-07-22 14:08:26.014783 INFO::Running selected transform method: LOG
2025-07-22 14:08:26.02615 INFO::Running selected analysis method: LM
2025-07-22 14:08:26.034597 INFO::Fitting model to feature number 1, s__Methanobrevibacter_smithii
2025-07-22 14:08:26.046873 INFO::Fitting model to feature number 2, s__Actinomyces_sp_ICM58
2025-07-22 14:08:26.055836 INFO::Fitting model to feature number 3, s__Trueperella_pyogenes
2025-07-22 14:08:26.065922 INFO::Fitting model to feature number 4, s__Bifidobacterium_adolescentis
2025-07-22 14:08:26.074845 INFO::Fitting model to feature number 5, s__Bifidobacterium_bifidum
2025-07-22 14:08:26.090622 INFO::Fitting model to feature number 6, s__Bifidobacterium_breve
2025-07-22 14:08:26.100029 INFO::Fitting model to feature number 7, s__Bifidobacterium_catenulatum
2025-07-22 14:08:26.110387 INFO::Fitting model to feature number 8, s__Bifidobacterium_dentium
2025-07-22 14:08:26.1201 INFO::Fitting model to feature number 9, s__Bifidobacterium_longum
2025-07-22 14:08:26.12898 INFO::Fitting model to feature number 10, s__Bifidobacterium_pseudocatenulatum
2025-07-22 14:08:26.13778 INFO::Fitting model to feature number 11, s__Rothia_mucilaginosa
2025-07-22 14:08:26.146974 INFO::Fitting model to feature number 12, s__Isoptericola_variabilis
2025-07-22 14:08:26.15614 INFO::Fitting model to feature number 13, s__Lancefieldella_parvula
2025-07-22 14:08:26.165331 INFO::Fitting model to feature number 14, s__Collinsella_aerofaciens
2025-07-22 14:08:26.174505 INFO::Fitting model to feature number 15, s__Collinsella_bouchesdurhonensis
2025-07-22 14:08:26.183532 INFO::Fitting model to feature number 16, s__Collinsella_tanakaei
2025-07-22 14:08:26.192445 INFO::Fitting model to feature number 17, s__Senegalimassilia_anaerobia
2025-07-22 14:08:26.201884 INFO::Fitting model to feature number 18, s__Adlercreutzia_equolifaciens
2025-07-22 14:08:26.217713 INFO::Fitting model to feature number 19, s__Eggerthellaceae_bacterium
2025-07-22 14:08:26.226465 INFO::Fitting model to feature number 20, s__Eggerthella_lenta
2025-07-22 14:08:26.235301 INFO::Fitting model to feature number 21, s__Slackia_isoflavoniconvertens
2025-07-22 14:08:26.243777 INFO::Fitting model to feature number 22, s__Bacteroidaceae_bacterium
2025-07-22 14:08:26.252571 INFO::Fitting model to feature number 23, s__Bacteroides_caccae
2025-07-22 14:08:26.262409 INFO::Fitting model to feature number 24, s__Bacteroides_cellulosilyticus
2025-07-22 14:08:26.271206 INFO::Fitting model to feature number 25, s__Bacteroides_clarus
2025-07-22 14:08:26.280007 INFO::Fitting model to feature number 26, s__Bacteroides_eggerthii
2025-07-22 14:08:26.289224 INFO::Fitting model to feature number 27, s__Bacteroides_faecis
2025-07-22 14:08:26.300109 INFO::Fitting model to feature number 28, s__Bacteroides_finegoldii
2025-07-22 14:08:26.308922 INFO::Fitting model to feature number 29, s__Bacteroides_fragilis
2025-07-22 14:08:26.318043 INFO::Fitting model to feature number 30, s__Bacteroides_intestinalis
2025-07-22 14:08:26.327635 INFO::Fitting model to feature number 31, s__Bacteroides_nordii
2025-07-22 14:08:26.336479 INFO::Fitting model to feature number 32, s__Bacteroides_ovatus
2025-07-22 14:08:26.356513 INFO::Fitting model to feature number 33, s__Bacteroides_salyersiae
2025-07-22 14:08:26.366227 INFO::Fitting model to feature number 34, s__Bacteroides_stercoris
2025-07-22 14:08:26.375573 INFO::Fitting model to feature number 35, s__Bacteroides_thetaiotaomicron
2025-07-22 14:08:26.384964 INFO::Fitting model to feature number 36, s__Bacteroides_uniformis
2025-07-22 14:08:26.395009 INFO::Fitting model to feature number 37, s__Bacteroides_xylanisolvens
2025-07-22 14:08:26.404062 INFO::Fitting model to feature number 38, s__Phocaeicola_dorei
2025-07-22 14:08:26.413122 INFO::Fitting model to feature number 39, s__Phocaeicola_massiliensis
2025-07-22 14:08:26.422323 INFO::Fitting model to feature number 40, s__Phocaeicola_vulgatus
2025-07-22 14:08:26.431701 INFO::Fitting model to feature number 41, s__Barnesiella_intestinihominis
2025-07-22 14:08:26.440709 INFO::Fitting model to feature number 42, s__Coprobacter_fastidiosus
2025-07-22 14:08:26.450016 INFO::Fitting model to feature number 43, s__Coprobacter_secundus
2025-07-22 14:08:26.459041 INFO::Fitting model to feature number 44, s__Butyricimonas_faecihominis
2025-07-22 14:08:26.476259 INFO::Fitting model to feature number 45, s__Butyricimonas_paravirosa
2025-07-22 14:08:26.485453 INFO::Fitting model to feature number 46, s__Odoribacter_splanchnicus
2025-07-22 14:08:26.494547 INFO::Fitting model to feature number 47, s__Paraprevotella_clara
2025-07-22 14:08:26.503794 INFO::Fitting model to feature number 48, s__Prevotella_copri_clade_A
2025-07-22 14:08:26.512948 INFO::Fitting model to feature number 49, s__Prevotella_histicola
2025-07-22 14:08:26.523163 INFO::Fitting model to feature number 50, s__Prevotella_marseillensis
2025-07-22 14:08:26.532508 INFO::Fitting model to feature number 51, s__Alistipes_communis
2025-07-22 14:08:26.541585 INFO::Fitting model to feature number 52, s__Alistipes_finegoldii
2025-07-22 14:08:26.550677 INFO::Fitting model to feature number 53, s__Alistipes_ihumii
2025-07-22 14:08:26.559779 INFO::Fitting model to feature number 54, s__Alistipes_indistinctus
2025-07-22 14:08:26.568995 INFO::Fitting model to feature number 55, s__Alistipes_inops
2025-07-22 14:08:26.578202 INFO::Fitting model to feature number 56, s__Alistipes_onderdonkii
2025-07-22 14:08:26.595243 INFO::Fitting model to feature number 57, s__Alistipes_putredinis
2025-07-22 14:08:26.604667 INFO::Fitting model to feature number 58, s__Alistipes_senegalensis
2025-07-22 14:08:26.613767 INFO::Fitting model to feature number 59, s__Alistipes_shahii
2025-07-22 14:08:26.624856 INFO::Fitting model to feature number 60, s__Parabacteroides_distasonis
2025-07-22 14:08:26.634187 INFO::Fitting model to feature number 61, s__Parabacteroides_merdae
2025-07-22 14:08:26.643491 INFO::Fitting model to feature number 62, s__Gemella_morbillorum
2025-07-22 14:08:26.653089 INFO::Fitting model to feature number 63, s__Granulicatella_adiacens
2025-07-22 14:08:26.662521 INFO::Fitting model to feature number 64, s__Enterococcus_faecalis
2025-07-22 14:08:26.671629 INFO::Fitting model to feature number 65, s__Enterococcus_faecium
2025-07-22 14:08:26.681013 INFO::Fitting model to feature number 66, s__Lacticaseibacillus_paracasei
2025-07-22 14:08:26.690088 INFO::Fitting model to feature number 67, s__Lacticaseibacillus_rhamnosus
2025-07-22 14:08:26.699473 INFO::Fitting model to feature number 68, s__Lactobacillus_delbrueckii
2025-07-22 14:08:26.715776 INFO::Fitting model to feature number 69, s__Lactobacillus_gasseri
2025-07-22 14:08:26.725152 INFO::Fitting model to feature number 70, s__Ligilactobacillus_salivarius
2025-07-22 14:08:26.734479 INFO::Fitting model to feature number 71, s__Limosilactobacillus_fermentum
2025-07-22 14:08:26.744041 INFO::Fitting model to feature number 72, s__Limosilactobacillus_oris
2025-07-22 14:08:26.753741 INFO::Fitting model to feature number 73, s__Lactococcus_lactis
2025-07-22 14:08:26.763777 INFO::Fitting model to feature number 74, s__Streptococcus_anginosus
2025-07-22 14:08:26.773456 INFO::Fitting model to feature number 75, s__Streptococcus_constellatus
2025-07-22 14:08:26.7834 INFO::Fitting model to feature number 76, s__Streptococcus_cristatus
2025-07-22 14:08:26.793517 INFO::Fitting model to feature number 77, s__Streptococcus_gordonii
2025-07-22 14:08:26.803576 INFO::Fitting model to feature number 78, s__Streptococcus_infantis
2025-07-22 14:08:26.820842 INFO::Fitting model to feature number 79, s__Streptococcus_mitis
2025-07-22 14:08:26.830946 INFO::Fitting model to feature number 80, s__Streptococcus_mutans
2025-07-22 14:08:26.842043 INFO::Fitting model to feature number 81, s__Streptococcus_oralis
2025-07-22 14:08:26.852026 INFO::Fitting model to feature number 82, s__Streptococcus_parasanguinis
2025-07-22 14:08:26.86249 INFO::Fitting model to feature number 83, s__Streptococcus_salivarius
2025-07-22 14:08:26.872892 INFO::Fitting model to feature number 84, s__Streptococcus_sp_263_SSPC
2025-07-22 14:08:26.883703 INFO::Fitting model to feature number 85, s__Streptococcus_thermophilus
2025-07-22 14:08:26.897815 INFO::Fitting model to feature number 86, s__Candidatus_Avimicrobium_caecorum
2025-07-22 14:08:26.907894 INFO::Fitting model to feature number 87, s__Clostridia_bacterium
2025-07-22 14:08:26.917642 INFO::Fitting model to feature number 88, s__Clostridia_bacterium_UC5_1_1D1
2025-07-22 14:08:26.928253 INFO::Fitting model to feature number 89, s__Clostridiaceae_bacterium
2025-07-22 14:08:26.948953 INFO::Fitting model to feature number 90, s__Clostridiaceae_bacterium_OM08_6BH
2025-07-22 14:08:26.959459 INFO::Fitting model to feature number 91, s__Clostridium_disporicum
2025-07-22 14:08:26.96931 INFO::Fitting model to feature number 92, s__Clostridium_fessum
2025-07-22 14:08:26.978886 INFO::Fitting model to feature number 93, s__Clostridium_paraputrificum
2025-07-22 14:08:26.988577 INFO::Fitting model to feature number 94, s__Clostridium_phoceensis
2025-07-22 14:08:26.998359 INFO::Fitting model to feature number 95, s__Clostridium_sp_AF20_17LB
2025-07-22 14:08:27.008598 INFO::Fitting model to feature number 96, s__Clostridium_sp_AF34_10BH
2025-07-22 14:08:27.018611 INFO::Fitting model to feature number 97, s__Clostridium_sp_AM22_11AC
2025-07-22 14:08:27.028287 INFO::Fitting model to feature number 98, s__Clostridium_sp_AM33_3
2025-07-22 14:08:27.037896 INFO::Fitting model to feature number 99, s__Clostridium_sp_AM49_4BH
2025-07-22 14:08:27.058793 INFO::Fitting model to feature number 100, s__Clostridium_sp_AT4
2025-07-22 14:08:27.069082 INFO::Fitting model to feature number 101, s__Hungatella_hathewayi
2025-07-22 14:08:27.078875 INFO::Fitting model to feature number 102, s__Mogibacterium_diversum
2025-07-22 14:08:27.089165 INFO::Fitting model to feature number 103, s__Clostridiales_bacterium
2025-07-22 14:08:27.099497 INFO::Fitting model to feature number 104, s__Clostridiales_bacterium_KLE1615
2025-07-22 14:08:27.109618 INFO::Fitting model to feature number 105, s__Evtepia_gabavorous
2025-07-22 14:08:27.119811 INFO::Fitting model to feature number 106, s__Intestinimonas_butyriciproducens
2025-07-22 14:08:27.129717 INFO::Fitting model to feature number 107, s__Eubacteriaceae_bacterium
2025-07-22 14:08:27.13956 INFO::Fitting model to feature number 108, s__Eubacterium_ramulus
2025-07-22 14:08:27.149768 INFO::Fitting model to feature number 109, s__Eubacterium_sp_AM28_29
2025-07-22 14:08:27.16021 INFO::Fitting model to feature number 110, s__Eubacterium_ventriosum
2025-07-22 14:08:27.18101 INFO::Fitting model to feature number 111, s__Anaerobutyricum_hallii
2025-07-22 14:08:27.191407 INFO::Fitting model to feature number 112, s__Anaerostipes_caccae
2025-07-22 14:08:27.201628 INFO::Fitting model to feature number 113, s__Anaerostipes_hadrus
2025-07-22 14:08:27.211913 INFO::Fitting model to feature number 114, s__Anaerotignum_faecicola
2025-07-22 14:08:27.222088 INFO::Fitting model to feature number 115, s__Anaerotignum_lactatifermentans
2025-07-22 14:08:27.232886 INFO::Fitting model to feature number 116, s__Blautia_faecis
2025-07-22 14:08:27.242963 INFO::Fitting model to feature number 117, s__Blautia_glucerasea
2025-07-22 14:08:27.253524 INFO::Fitting model to feature number 118, s__Blautia_massiliensis
2025-07-22 14:08:27.263777 INFO::Fitting model to feature number 119, s__Blautia_obeum
2025-07-22 14:08:27.274026 INFO::Fitting model to feature number 120, s__Blautia_producta
2025-07-22 14:08:27.292044 INFO::Fitting model to feature number 121, s__Blautia_sp_OF03_15BH
2025-07-22 14:08:27.302376 INFO::Fitting model to feature number 122, s__Blautia_wexlerae
2025-07-22 14:08:27.313158 INFO::Fitting model to feature number 123, s__Coprococcus_catus
2025-07-22 14:08:27.3239 INFO::Fitting model to feature number 124, s__Coprococcus_comes
2025-07-22 14:08:27.334858 INFO::Fitting model to feature number 125, s__Dorea_formicigenerans
2025-07-22 14:08:27.345266 INFO::Fitting model to feature number 126, s__Dorea_longicatena
2025-07-22 14:08:27.357772 INFO::Fitting model to feature number 127, s__Dorea_sp_AF24_7LB
2025-07-22 14:08:27.368302 INFO::Fitting model to feature number 128, s__Dorea_sp_AF36_15AT
2025-07-22 14:08:27.378541 INFO::Fitting model to feature number 129, s__Eisenbergiella_massiliensis
2025-07-22 14:08:27.39913 INFO::Fitting model to feature number 130, s__Eisenbergiella_tayi
2025-07-22 14:08:27.409729 INFO::Fitting model to feature number 131, s__Enterocloster_aldensis
2025-07-22 14:08:27.42031 INFO::Fitting model to feature number 132, s__Enterocloster_asparagiformis
2025-07-22 14:08:27.431168 INFO::Fitting model to feature number 133, s__Enterocloster_bolteae
2025-07-22 14:08:27.441535 INFO::Fitting model to feature number 134, s__Enterocloster_citroniae
2025-07-22 14:08:27.452134 INFO::Fitting model to feature number 135, s__Enterocloster_clostridioformis
2025-07-22 14:08:27.462855 INFO::Fitting model to feature number 136, s__Enterocloster_lavalensis
2025-07-22 14:08:27.473501 INFO::Fitting model to feature number 137, s__Faecalicatena_contorta
2025-07-22 14:08:27.484363 INFO::Fitting model to feature number 138, s__Faecalicatena_fissicatena
2025-07-22 14:08:27.494729 INFO::Fitting model to feature number 139, s__Fusicatenibacter_saccharivorans
2025-07-22 14:08:27.513554 INFO::Fitting model to feature number 140, s__Clostridium_symbiosum
2025-07-22 14:08:27.524107 INFO::Fitting model to feature number 141, s__Eubacterium_rectale
2025-07-22 14:08:27.534866 INFO::Fitting model to feature number 142, s__Lachnospiraceae_bacterium
2025-07-22 14:08:27.545727 INFO::Fitting model to feature number 143, s__Lachnospiraceae_bacterium_WCA3_601_WT_6H
2025-07-22 14:08:27.556998 INFO::Fitting model to feature number 144, s__Lachnospira_eligens
2025-07-22 14:08:27.568365 INFO::Fitting model to feature number 145, s__Lachnospira_pectinoschiza
2025-07-22 14:08:27.579147 INFO::Fitting model to feature number 146, s__Lacrimispora_amygdalina
2025-07-22 14:08:27.590547 INFO::Fitting model to feature number 147, s__Lacrimispora_celerecrescens
2025-07-22 14:08:27.602204 INFO::Fitting model to feature number 148, s__Mediterraneibacter_glycyrrhizinilyticus
2025-07-22 14:08:27.622696 INFO::Fitting model to feature number 149, s__Ruminococcus_gnavus
2025-07-22 14:08:27.634455 INFO::Fitting model to feature number 150, s__Ruminococcus_lactaris
2025-07-22 14:08:27.644969 INFO::Fitting model to feature number 151, s__Ruminococcus_torques
2025-07-22 14:08:27.656009 INFO::Fitting model to feature number 152, s__Roseburia_faecis
2025-07-22 14:08:27.66716 INFO::Fitting model to feature number 153, s__Roseburia_hominis
2025-07-22 14:08:27.677796 INFO::Fitting model to feature number 154, s__Roseburia_intestinalis
2025-07-22 14:08:27.68823 INFO::Fitting model to feature number 155, s__Roseburia_inulinivorans
2025-07-22 14:08:27.699143 INFO::Fitting model to feature number 156, s__Sellimonas_intestinalis
2025-07-22 14:08:27.710857 INFO::Fitting model to feature number 157, s__Tyzzerella_nexilis
2025-07-22 14:08:27.73171 INFO::Fitting model to feature number 158, s__Dysosmobacter_welbionis
2025-07-22 14:08:27.743309 INFO::Fitting model to feature number 159, s__Oscillibacter_sp_ER4
2025-07-22 14:08:27.754572 INFO::Fitting model to feature number 160, s__Intestinibacter_bartlettii
2025-07-22 14:08:27.765931 INFO::Fitting model to feature number 161, s__Romboutsia_timonensis
2025-07-22 14:08:27.777244 INFO::Fitting model to feature number 162, s__Agathobaculum_butyriciproducens
2025-07-22 14:08:27.788974 INFO::Fitting model to feature number 163, s__Anaerotruncus_colihominis
2025-07-22 14:08:27.800591 INFO::Fitting model to feature number 164, s__Anaerotruncus_rubiinfantis
2025-07-22 14:08:27.811986 INFO::Fitting model to feature number 165, s__Candidatus_Cibiobacter_qucibialis
2025-07-22 14:08:27.823194 INFO::Fitting model to feature number 166, s__Faecalibacterium_prausnitzii
2025-07-22 14:08:27.844538 INFO::Fitting model to feature number 167, s__Flavonifractor_plautii
2025-07-22 14:08:27.856339 INFO::Fitting model to feature number 168, s__Gemmiger_formicilis
2025-07-22 14:08:27.867736 INFO::Fitting model to feature number 169, s__Ruminococcaceae_bacterium
2025-07-22 14:08:27.878767 INFO::Fitting model to feature number 170, s__Ruminococcus_bromii
2025-07-22 14:08:27.889911 INFO::Fitting model to feature number 171, s__Ruminococcus_sp_NSJ_71
2025-07-22 14:08:27.90171 INFO::Fitting model to feature number 172, s__Ruthenibacterium_lactatiformans
2025-07-22 14:08:27.912636 INFO::Fitting model to feature number 173, s__Catenibacterium_sp_AM22_15
2025-07-22 14:08:27.924029 INFO::Fitting model to feature number 174, s__Coprobacillus_cateniformis
2025-07-22 14:08:27.935404 INFO::Fitting model to feature number 175, s__Dielma_fastidiosa
2025-07-22 14:08:27.954655 INFO::Fitting model to feature number 176, s__Clostridium_innocuum
2025-07-22 14:08:27.966564 INFO::Fitting model to feature number 177, s__Erysipelatoclostridium_ramosum
2025-07-22 14:08:27.977595 INFO::Fitting model to feature number 178, s__Faecalibacillus_intestinalis
2025-07-22 14:08:27.988509 INFO::Fitting model to feature number 179, s__Turicibacter_sanguinis
2025-07-22 14:08:27.999859 INFO::Fitting model to feature number 180, s__Firmicutes_bacterium_AF16_15
2025-07-22 14:08:28.011831 INFO::Fitting model to feature number 181, s__Acidaminococcus_intestini
2025-07-22 14:08:28.023481 INFO::Fitting model to feature number 182, s__Phascolarctobacterium_faecium
2025-07-22 14:08:28.035268 INFO::Fitting model to feature number 183, s__Phascolarctobacterium_succinatutens
2025-07-22 14:08:28.05702 INFO::Fitting model to feature number 184, s__Megamonas_funiformis
2025-07-22 14:08:28.069994 INFO::Fitting model to feature number 185, s__Allisonella_histaminiformans
2025-07-22 14:08:28.082243 INFO::Fitting model to feature number 186, s__Anaeroglobus_geminatus
2025-07-22 14:08:28.094192 INFO::Fitting model to feature number 187, s__Colibacter_massiliensis
2025-07-22 14:08:28.106591 INFO::Fitting model to feature number 188, s__Dialister_invisus
2025-07-22 14:08:28.119176 INFO::Fitting model to feature number 189, s__Dialister_pneumosintes
2025-07-22 14:08:28.145637 INFO::Fitting model to feature number 190, s__Megasphaera_micronuciformis
2025-07-22 14:08:28.157858 INFO::Fitting model to feature number 191, s__Veillonella_atypica
2025-07-22 14:08:28.17015 INFO::Fitting model to feature number 192, s__Veillonella_dispar
2025-07-22 14:08:28.192284 INFO::Fitting model to feature number 193, s__Veillonella_parvula
2025-07-22 14:08:28.204354 INFO::Fitting model to feature number 194, s__Veillonella_rogosae
2025-07-22 14:08:28.216271 INFO::Fitting model to feature number 195, s__Fusobacterium_nucleatum
2025-07-22 14:08:28.227726 INFO::Fitting model to feature number 196, s__Fusobacterium_pseudoperiodonticum
2025-07-22 14:08:28.239385 INFO::Fitting model to feature number 197, s__Parasutterella_excrementihominis
2025-07-22 14:08:28.251727 INFO::Fitting model to feature number 198, s__Sutterella_wadsworthensis
2025-07-22 14:08:28.258147 INFO::Fitting model to feature number 199, s__Bilophila_wadsworthia
2025-07-22 14:08:28.26437 INFO::Fitting model to feature number 200, s__Desulfovibrionaceae_bacterium
2025-07-22 14:08:28.270521 INFO::Fitting model to feature number 201, s__Desulfovibrio_piger
2025-07-22 14:08:28.277182 INFO::Fitting model to feature number 202, s__Campylobacter_concisus
2025-07-22 14:08:28.283257 INFO::Fitting model to feature number 203, s__Campylobacter_gracilis
2025-07-22 14:08:28.289189 INFO::Fitting model to feature number 204, s__Escherichia_coli
2025-07-22 14:08:28.294996 INFO::Fitting model to feature number 205, s__Klebsiella_pneumoniae
2025-07-22 14:08:28.300946 INFO::Fitting model to feature number 206, s__Aggregatibacter_segnis
2025-07-22 14:08:28.306973 INFO::Fitting model to feature number 207, s__Aggregatibacter_sp_oral_taxon_458
2025-07-22 14:08:28.313011 INFO::Fitting model to feature number 208, s__Haemophilus_parainfluenzae
2025-07-22 14:08:28.318879 INFO::Fitting model to feature number 209, s__Akkermansia_muciniphila
2025-07-22 14:08:28.334782 INFO::Fitting model to feature number 210, s__Unknown
2025-07-22 14:08:28.365142 INFO::Counting total values for each feature
2025-07-22 14:08:28.387516 INFO::Writing filtered data to file G:/Autres ordinateurs/Mon ordinateur/Thèse 2021/Thèse/Résultats/Séquençage/Traité/Script final/GM_Response/output_PR_vs_PNR/maaslin2/Age_Sex_Antibiotics_Response/Species/features/filtered_data.tsv
2025-07-22 14:08:28.428212 INFO::Writing filtered, normalized data to file G:/Autres ordinateurs/Mon ordinateur/Thèse 2021/Thèse/Résultats/Séquençage/Traité/Script final/GM_Response/output_PR_vs_PNR/maaslin2/Age_Sex_Antibiotics_Response/Species/features/filtered_data_norm.tsv
2025-07-22 14:08:28.470677 INFO::Writing filtered, normalized, transformed data to file G:/Autres ordinateurs/Mon ordinateur/Thèse 2021/Thèse/Résultats/Séquençage/Traité/Script final/GM_Response/output_PR_vs_PNR/maaslin2/Age_Sex_Antibiotics_Response/Species/features/filtered_data_norm_transformed.tsv
2025-07-22 14:08:28.525464 INFO::Writing residuals to file G:/Autres ordinateurs/Mon ordinateur/Thèse 2021/Thèse/Résultats/Séquençage/Traité/Script final/GM_Response/output_PR_vs_PNR/maaslin2/Age_Sex_Antibiotics_Response/Species/fits/residuals.rds
2025-07-22 14:08:28.549805 INFO::Writing fitted values to file G:/Autres ordinateurs/Mon ordinateur/Thèse 2021/Thèse/Résultats/Séquençage/Traité/Script final/GM_Response/output_PR_vs_PNR/maaslin2/Age_Sex_Antibiotics_Response/Species/fits/fitted.rds
2025-07-22 14:08:28.571083 INFO::Writing all results to file (ordered by increasing q-values): G:/Autres ordinateurs/Mon ordinateur/Thèse 2021/Thèse/Résultats/Séquençage/Traité/Script final/GM_Response/output_PR_vs_PNR/maaslin2/Age_Sex_Antibiotics_Response/Species/all_results.tsv
2025-07-22 14:08:28.612261 INFO::Writing the significant results (those which are less than or equal to the threshold of 0.050000 ) to file (ordered by increasing q-values): G:/Autres ordinateurs/Mon ordinateur/Thèse 2021/Thèse/Résultats/Séquençage/Traité/Script final/GM_Response/output_PR_vs_PNR/maaslin2/Age_Sex_Antibiotics_Response/Species/significant_results.tsv
2025-07-22 14:08:28.626153 INFO::Writing heatmap of significant results to file: G:/Autres ordinateurs/Mon ordinateur/Thèse 2021/Thèse/Résultats/Séquençage/Traité/Script final/GM_Response/output_PR_vs_PNR/maaslin2/Age_Sex_Antibiotics_Response/Species/heatmap.pdf
2025-07-22 14:08:28.635344 INFO::Writing association plots (one for each significant association) to output folder: G:/Autres ordinateurs/Mon ordinateur/Thèse 2021/Thèse/Résultats/Séquençage/Traité/Script final/GM_Response/output_PR_vs_PNR/maaslin2/Age_Sex_Antibiotics_Response/Species
